生成启动时间为 2018/3/1 14:29:09。
     1>项目“G:\ProjectFiles\QuickCalculate\QuickCalculate\QuickCalculate.vcxproj”在节点 2 上(Build 个目标)。
     1>C:\Program Files (x86)\MSBuild\Microsoft.Cpp\v4.0\V120\Microsoft.CppBuild.targets(935,5): warning MSB8027: Two or more files with the name of moc_imgshowdlg.cpp will produce outputs to the same location. This can lead to an incorrect build result.  The files involved are GeneratedFiles\Debug\moc_imgshowdlg.cpp, GeneratedFiles\Release\moc_imgshowdlg.cpp.
     1>C:\Program Files (x86)\MSBuild\Microsoft.Cpp\v4.0\V120\Microsoft.CppBuild.targets(935,5): warning MSB8027: Two or more files with the name of moc_qcustomplot.cpp will produce outputs to the same location. This can lead to an incorrect build result.  The files involved are GeneratedFiles\Debug\moc_qcustomplot.cpp, GeneratedFiles\Release\moc_qcustomplot.cpp.
     1>C:\Program Files (x86)\MSBuild\Microsoft.Cpp\v4.0\V120\Microsoft.CppBuild.targets(935,5): warning MSB8027: Two or more files with the name of moc_quickcalculate.cpp will produce outputs to the same location. This can lead to an incorrect build result.  The files involved are GeneratedFiles\Debug\moc_quickcalculate.cpp, GeneratedFiles\Release\moc_quickcalculate.cpp.
     1>ClCompile:
         C:\ProgrammeFiles\VS2013\VC\bin\x86_amd64\CL.exe /c /I.\GeneratedFiles /I. /ID:\ProGrammeFiles\QT5.7.1\5.7\msvc2013_64\include /I.\GeneratedFiles\Release /ID:\ProGrammeFiles\QT5.7.1\5.7\msvc2013_64\include\QtCore /ID:\ProGrammeFiles\QT5.7.1\5.7\msvc2013_64\include\QtGui /ID:\ProGrammeFiles\QT5.7.1\5.7\msvc2013_64\include\QtWidgets /nologo /W1 /WX- /O2 /D UNICODE /D WIN32 /D WIN64 /D QT_DLL /D QT_NO_DEBUG /D NDEBUG /D QT_CORE_LIB /D QT_GUI_LIB /D QT_WIDGETS_LIB /Gm- /EHsc /MD /GS /fp:precise /Zc:wchar_t /Zc:forScope /Fo"x64\Release\\" /Fd"x64\Release\vc120.pdb" /Gd /TP /errorReport:prompt quickcalculate.cpp
         quickcalculate.cpp
     1>D:\ProGrammeFiles\OpenCV3.1.0\opencv\build\include\opencv2/core/mat.hpp(1965): warning C4819: 该文件包含不能在当前代码页(936)中表示的字符。请将该文件保存为 Unicode 格式以防止数据丢失
     1>D:\ProGrammeFiles\OpenCV3.1.0\opencv\build\include\opencv2/core/persistence.hpp : warning C4819: 该文件包含不能在当前代码页(936)中表示的字符。请将该文件保存为 Unicode 格式以防止数据丢失
     1>D:\ProGrammeFiles\OpenCV3.1.0\opencv\build\include\opencv2/core/utility.hpp : warning C4819: 该文件包含不能在当前代码页(936)中表示的字符。请将该文件保存为 Unicode 格式以防止数据丢失
     1>g:\projectfiles\quickcalculate\quickcalculate\GBK.h : warning C4819: 该文件包含不能在当前代码页(936)中表示的字符。请将该文件保存为 Unicode 格式以防止数据丢失
       Link:
         C:\ProgrammeFiles\VS2013\VC\bin\x86_amd64\link.exe /ERRORREPORT:PROMPT /OUT:"G:\ProjectFiles\QuickCalculate\x64\Release\\QuickCalculate.exe" /NOLOGO /LIBPATH:D:\ProGrammeFiles\QT5.7.1\5.7\msvc2013_64\lib qtmain.lib Qt5Core.lib Qt5Gui.lib Qt5Widgets.lib Qt5PrintSupport.lib opencv_world310.lib kernel32.lib user32.lib gdi32.lib winspool.lib comdlg32.lib advapi32.lib shell32.lib ole32.lib oleaut32.lib uuid.lib odbc32.lib odbccp32.lib /MANIFEST /MANIFESTUAC:"level='asInvoker' uiAccess='false'" /manifest:embed /PDB:"G:\ProjectFiles\QuickCalculate\x64\Release\QuickCalculate.pdb" /SUBSYSTEM:WINDOWS /TLBID:1 /DYNAMICBASE /NXCOMPAT /IMPLIB:"G:\ProjectFiles\QuickCalculate\x64\Release\QuickCalculate.lib" /MACHINE:X64 x64\Release\qrc_quickcalculate.obj
         x64\Release\moc_imgshowdlg.obj
         x64\Release\moc_qcustomplot.obj
         x64\Release\moc_quickcalculate.obj
         x64\Release\imgshowdlg.obj
         x64\Release\main.obj
         x64\Release\qcustomplot.obj
         x64\Release\quickcalculate.obj
         QuickCalculate.vcxproj -> G:\ProjectFiles\QuickCalculate\x64\Release\QuickCalculate.exe
     1>已完成生成项目“G:\ProjectFiles\QuickCalculate\QuickCalculate\QuickCalculate.vcxproj”(Build 个目标)的操作。

生成成功。

已用时间 00:00:06.32
