g:\projectfiles\quickcalculate\quickcalculate\x64\debug\vc120.pdb
g:\projectfiles\quickcalculate\quickcalculate\x64\debug\quickcalculate.obj
g:\projectfiles\quickcalculate\quickcalculate\x64\debug\main.obj
g:\projectfiles\quickcalculate\quickcalculate\x64\debug\moc_quickcalculate.obj
g:\projectfiles\quickcalculate\quickcalculate\x64\debug\qcustomplot.obj
g:\projectfiles\quickcalculate\quickcalculate\x64\debug\moc_qcustomplot.obj
g:\projectfiles\quickcalculate\quickcalculate\x64\debug\imgshowdlg.obj
g:\projectfiles\quickcalculate\quickcalculate\x64\debug\moc_imgshowdlg.obj
g:\projectfiles\quickcalculate\quickcalculate\x64\debug\qrc_quickcalculate.obj
g:\projectfiles\quickcalculate\quickcalculate\generatedfiles\ui_quickcalculate.h
g:\projectfiles\quickcalculate\quickcalculate\generatedfiles\qrc_quickcalculate.cpp
g:\projectfiles\quickcalculate\quickcalculate\generatedfiles\debug\moc_qcustomplot.cpp
g:\projectfiles\quickcalculate\quickcalculate\generatedfiles\debug\moc_quickcalculate.cpp
g:\projectfiles\quickcalculate\quickcalculate\generatedfiles\debug\moc_imgshowdlg.cpp
g:\projectfiles\quickcalculate\quickcalculate\generatedfiles\ui_imgshowdlg.h
g:\projectfiles\quickcalculate\x64\debug\quickcalculate.ilk
g:\projectfiles\quickcalculate\x64\debug\quickcalculate.exe
g:\projectfiles\quickcalculate\x64\debug\quickcalculate.pdb
g:\projectfiles\quickcalculate\quickcalculate\x64\debug\quickcalculate.tlog\cl.command.1.tlog
g:\projectfiles\quickcalculate\quickcalculate\x64\debug\quickcalculate.tlog\cl.read.1.tlog
g:\projectfiles\quickcalculate\quickcalculate\x64\debug\quickcalculate.tlog\cl.write.1.tlog
g:\projectfiles\quickcalculate\quickcalculate\x64\debug\quickcalculate.tlog\custombuild.command.1.tlog
g:\projectfiles\quickcalculate\quickcalculate\x64\debug\quickcalculate.tlog\custombuild.read.1.tlog
g:\projectfiles\quickcalculate\quickcalculate\x64\debug\quickcalculate.tlog\custombuild.write.1.tlog
g:\projectfiles\quickcalculate\quickcalculate\x64\debug\quickcalculate.tlog\link.command.1.tlog
g:\projectfiles\quickcalculate\quickcalculate\x64\debug\quickcalculate.tlog\link.read.1.tlog
g:\projectfiles\quickcalculate\quickcalculate\x64\debug\quickcalculate.tlog\link.write.1.tlog
